[2024-06-19 23:05:14] [Client thread/INFO] [aT] 
[2024-06-19 23:05:14] [Client thread/INFO] [aT] ******************************************************************************************
[2024-06-19 23:05:14] [Client thread/INFO] [aT] 
[2024-06-19 23:05:14] [Client thread/INFO] [aT] WorldEdit CUI Forge Edition 3 version 3.0.5 for Minecraft 1.12.2
[2024-06-19 23:05:14] [Client thread/INFO] [aT] Built with forge 14.23.5.2838
[2024-06-19 23:05:14] [Client thread/INFO] [aT] 
[2024-06-19 23:05:14] [Client thread/INFO] [aT] Environment :
[2024-06-19 23:05:14] [Client thread/INFO] [aT] 		 OS :Windows 10 (amd64) 
[2024-06-19 23:05:14] [Client thread/INFO] [aT] 		 Java: 1.8.0_411
[2024-06-19 23:05:14] [Client thread/INFO] [aT] 		 Language :RU_ru
[2024-06-19 23:05:14] [Client thread/INFO] [aT] 
[2024-06-19 23:05:14] [Client thread/INFO] [aT] ******************************************************************************************
[2024-06-19 23:05:14] [Client thread/INFO] [aT] 
[2024-06-19 23:05:14] [Client thread/INFO] [a] WorldEdit CUI Forge Edition 3 is loading ...
[2024-06-19 23:09:58] [Client thread/DEBUG] [aM] Handler registered: com.github.hexomod.worldeditcuife3.aN
[2024-06-19 23:19:12] [Client thread/DEBUG] [fZ] Sending CUI event to server: v|3
[2024-06-19 23:29:52] [Client thread/DEBUG] [fZ] Sending CUI event to server: v|3
[2024-06-19 23:33:37] [Netty Client IO #4/DEBUG] [fZ] Received CUI event from server: p|0|87|71|225|-1
[2024-06-19 23:33:37] [Client thread/DEBUG] [q] Received command from WE : p - Params: 0, 87, 71, 225, -1
[2024-06-19 23:33:37] [Netty Client IO #4/DEBUG] [fZ] Received CUI event from server: s|cuboid
[2024-06-19 23:33:37] [Netty Client IO #4/DEBUG] [fZ] Received CUI event from server: p|0|87|71|225|-1
[2024-06-19 23:33:37] [Client thread/DEBUG] [q] Received command from WE : s - Params: cuboid
[2024-06-19 23:33:37] [Client thread/DEBUG] [gh] Cuboid command :s|cuboid
[2024-06-19 23:33:37] [Client thread/DEBUG] [q] Received command from WE : p - Params: 0, 87, 71, 225, -1
[2024-06-19 23:33:37] [Client thread/DEBUG] [gh] Cuboid command :p|0|87|71|225|-1
[2024-06-19 23:33:52] [Netty Client IO #4/DEBUG] [fZ] Received CUI event from server: p|0|88|71|226|-1
[2024-06-19 23:33:52] [Client thread/DEBUG] [q] Received command from WE : p - Params: 0, 88, 71, 226, -1
[2024-06-19 23:33:52] [Client thread/DEBUG] [gh] Cuboid command :p|0|88|71|226|-1
[2024-06-19 23:33:54] [Netty Client IO #4/DEBUG] [fZ] Received CUI event from server: p|1|101|72|236|308
[2024-06-19 23:33:54] [Client thread/DEBUG] [q] Received command from WE : p - Params: 1, 101, 72, 236, 308
[2024-06-19 23:33:54] [Client thread/DEBUG] [gh] Cuboid command :p|1|101|72|236|308
[2024-06-19 23:54:09] [Client thread/DEBUG] [fZ] Sending CUI event to server: v|3
[2024-06-19 23:56:01] [Netty Client IO #7/DEBUG] [fZ] Received CUI event from server: p|0|87|71|239|-1
[2024-06-19 23:56:01] [Client thread/DEBUG] [q] Received command from WE : p - Params: 0, 87, 71, 239, -1
[2024-06-19 23:56:01] [Client thread/DEBUG] [gh] Cuboid command :p|0|87|71|239|-1
[2024-06-19 23:56:01] [Netty Client IO #7/DEBUG] [fZ] Received CUI event from server: p|1|87|71|239|1
[2024-06-19 23:56:01] [Client thread/DEBUG] [q] Received command from WE : p - Params: 1, 87, 71, 239, 1
[2024-06-19 23:56:01] [Client thread/DEBUG] [gh] Cuboid command :p|1|87|71|239|1
[2024-06-19 23:56:50] [Netty Client IO #7/DEBUG] [fZ] Received CUI event from server: p|0|126|52|271|26400
[2024-06-19 23:56:50] [Client thread/DEBUG] [q] Received command from WE : p - Params: 0, 126, 52, 271, 26400
[2024-06-19 23:56:50] [Client thread/DEBUG] [gh] Cuboid command :p|0|126|52|271|26400
[2024-06-19 23:57:35] [Netty Client IO #7/DEBUG] [fZ] Received CUI event from server: p|1|26|114|154|750834
[2024-06-19 23:57:35] [Client thread/DEBUG] [q] Received command from WE : p - Params: 1, 26, 114, 154, 750834
[2024-06-19 23:57:35] [Client thread/DEBUG] [gh] Cuboid command :p|1|26|114|154|750834
[2024-06-20 00:10:09] [Client thread/DEBUG] [fZ] Sending CUI event to server: v|3
[2024-06-20 00:12:00] [Netty Client IO #5/DEBUG] [fZ] Received CUI event from server: p|0|126|50|271|-1
[2024-06-20 00:12:00] [Client thread/DEBUG] [q] Received command from WE : p - Params: 0, 126, 50, 271, -1
[2024-06-20 00:12:00] [Client thread/DEBUG] [gh] Cuboid command :p|0|126|50|271|-1
[2024-06-20 00:12:23] [Netty Client IO #5/DEBUG] [fZ] Received CUI event from server: p|1|26|114|154|774670
[2024-06-20 00:12:23] [Client thread/DEBUG] [q] Received command from WE : p - Params: 1, 26, 114, 154, 774670
[2024-06-20 00:12:23] [Client thread/DEBUG] [gh] Cuboid command :p|1|26|114|154|774670
[2024-06-20 00:12:34] [Netty Client IO #5/DEBUG] [fZ] Received CUI event from server: p|0|126|50|271|2455108
[2024-06-20 00:12:34] [Client thread/DEBUG] [q] Received command from WE : p - Params: 0, 126, 50, 271, 2455108
[2024-06-20 00:12:34] [Client thread/DEBUG] [gh] Cuboid command :p|0|126|50|271|2455108
[2024-06-20 00:12:34] [Netty Client IO #5/DEBUG] [fZ] Received CUI event from server: p|1|26|255|154|2455108
[2024-06-20 00:12:34] [Client thread/DEBUG] [q] Received command from WE : p - Params: 1, 26, 255, 154, 2455108
[2024-06-20 00:12:34] [Client thread/DEBUG] [gh] Cuboid command :p|1|26|255|154|2455108
[2024-06-20 00:13:30] [Netty Client IO #5/DEBUG] [fZ] Received CUI event from server: p|0|94|71|235|1046730
[2024-06-20 00:13:31] [Client thread/DEBUG] [q] Received command from WE : p - Params: 0, 94, 71, 235, 1046730
[2024-06-20 00:13:31] [Client thread/DEBUG] [gh] Cuboid command :p|0|94|71|235|1046730
[2024-06-20 00:13:31] [Netty Client IO #5/DEBUG] [fZ] Received CUI event from server: p|1|94|71|235|1
[2024-06-20 00:13:31] [Client thread/DEBUG] [q] Received command from WE : p - Params: 1, 94, 71, 235, 1
[2024-06-20 00:13:31] [Client thread/DEBUG] [gh] Cuboid command :p|1|94|71|235|1
[2024-06-20 00:41:39] [Client thread/INFO] [aT] 
[2024-06-20 00:41:39] [Client thread/INFO] [aT] ******************************************************************************************
[2024-06-20 00:41:39] [Client thread/INFO] [aT] 
[2024-06-20 00:41:39] [Client thread/INFO] [aT] WorldEdit CUI Forge Edition 3 version 3.0.5 for Minecraft 1.12.2
[2024-06-20 00:41:39] [Client thread/INFO] [aT] Built with forge 14.23.5.2838
[2024-06-20 00:41:39] [Client thread/INFO] [aT] 
[2024-06-20 00:41:39] [Client thread/INFO] [aT] Environment :
[2024-06-20 00:41:39] [Client thread/INFO] [aT] 		 OS :Windows 10 (amd64) 
[2024-06-20 00:41:39] [Client thread/INFO] [aT] 		 Java: 1.8.0_411
[2024-06-20 00:41:39] [Client thread/INFO] [aT] 		 Language :RU_ru
[2024-06-20 00:41:39] [Client thread/INFO] [aT] 
[2024-06-20 00:41:39] [Client thread/INFO] [aT] ******************************************************************************************
[2024-06-20 00:41:39] [Client thread/INFO] [aT] 
[2024-06-20 00:41:39] [Client thread/INFO] [a] WorldEdit CUI Forge Edition 3 is loading ...
[2024-06-20 00:45:20] [Client thread/DEBUG] [aM] Handler registered: com.github.hexomod.worldeditcuife3.aN
[2024-06-20 00:48:38] [Client thread/DEBUG] [fZ] Sending CUI event to server: v|3
[2024-06-20 01:55:15] [Client thread/DEBUG] [fZ] Sending CUI event to server: v|3
[2024-06-21 00:40:43] [Client thread/INFO] [aT] 
[2024-06-21 00:40:43] [Client thread/INFO] [aT] ******************************************************************************************
[2024-06-21 00:40:43] [Client thread/INFO] [aT] 
[2024-06-21 00:40:43] [Client thread/INFO] [aT] WorldEdit CUI Forge Edition 3 version 3.0.5 for Minecraft 1.12.2
[2024-06-21 00:40:43] [Client thread/INFO] [aT] Built with forge 14.23.5.2838
[2024-06-21 00:40:43] [Client thread/INFO] [aT] 
[2024-06-21 00:40:43] [Client thread/INFO] [aT] Environment :
[2024-06-21 00:40:43] [Client thread/INFO] [aT] 		 OS :Windows 10 (amd64) 
[2024-06-21 00:40:43] [Client thread/INFO] [aT] 		 Java: 1.8.0_411
[2024-06-21 00:40:43] [Client thread/INFO] [aT] 		 Language :RU_ru
[2024-06-21 00:40:43] [Client thread/INFO] [aT] 
[2024-06-21 00:40:43] [Client thread/INFO] [aT] ******************************************************************************************
[2024-06-21 00:40:43] [Client thread/INFO] [aT] 
[2024-06-21 00:40:43] [Client thread/INFO] [a] WorldEdit CUI Forge Edition 3 is loading ...
[2024-06-21 00:42:56] [Client thread/DEBUG] [aM] Handler registered: com.github.hexomod.worldeditcuife3.aN
[2024-06-21 00:46:24] [Client thread/DEBUG] [fZ] Sending CUI event to server: v|3
[2024-06-21 00:51:04] [Client thread/INFO] [aT] 
[2024-06-21 00:51:04] [Client thread/INFO] [aT] ******************************************************************************************
[2024-06-21 00:51:04] [Client thread/INFO] [aT] 
[2024-06-21 00:51:04] [Client thread/INFO] [aT] WorldEdit CUI Forge Edition 3 version 3.0.5 for Minecraft 1.12.2
[2024-06-21 00:51:04] [Client thread/INFO] [aT] Built with forge 14.23.5.2838
[2024-06-21 00:51:04] [Client thread/INFO] [aT] 
[2024-06-21 00:51:04] [Client thread/INFO] [aT] Environment :
[2024-06-21 00:51:04] [Client thread/INFO] [aT] 		 OS :Windows 10 (amd64) 
[2024-06-21 00:51:04] [Client thread/INFO] [aT] 		 Java: 1.8.0_411
[2024-06-21 00:51:04] [Client thread/INFO] [aT] 		 Language :RU_ru
[2024-06-21 00:51:04] [Client thread/INFO] [aT] 
[2024-06-21 00:51:04] [Client thread/INFO] [aT] ******************************************************************************************
[2024-06-21 00:51:04] [Client thread/INFO] [aT] 
[2024-06-21 00:51:04] [Client thread/INFO] [a] WorldEdit CUI Forge Edition 3 is loading ...
[2024-06-21 00:52:50] [Client thread/DEBUG] [aM] Handler registered: com.github.hexomod.worldeditcuife3.aN
[2024-06-21 00:57:48] [Client thread/DEBUG] [fZ] Sending CUI event to server: v|3
[2024-06-21 01:05:05] [Client thread/INFO] [aT] 
[2024-06-21 01:05:05] [Client thread/INFO] [aT] ******************************************************************************************
[2024-06-21 01:05:05] [Client thread/INFO] [aT] 
[2024-06-21 01:05:05] [Client thread/INFO] [aT] WorldEdit CUI Forge Edition 3 version 3.0.5 for Minecraft 1.12.2
[2024-06-21 01:05:05] [Client thread/INFO] [aT] Built with forge 14.23.5.2838
[2024-06-21 01:05:05] [Client thread/INFO] [aT] 
[2024-06-21 01:05:05] [Client thread/INFO] [aT] Environment :
[2024-06-21 01:05:05] [Client thread/INFO] [aT] 		 OS :Windows 10 (amd64) 
[2024-06-21 01:05:05] [Client thread/INFO] [aT] 		 Java: 1.8.0_411
[2024-06-21 01:05:05] [Client thread/INFO] [aT] 		 Language :RU_ru
[2024-06-21 01:05:05] [Client thread/INFO] [aT] 
[2024-06-21 01:05:05] [Client thread/INFO] [aT] ******************************************************************************************
[2024-06-21 01:05:05] [Client thread/INFO] [aT] 
[2024-06-21 01:05:05] [Client thread/INFO] [a] WorldEdit CUI Forge Edition 3 is loading ...
[2024-06-21 01:06:50] [Client thread/DEBUG] [aM] Handler registered: com.github.hexomod.worldeditcuife3.aN
[2024-06-21 01:09:43] [Client thread/DEBUG] [fZ] Sending CUI event to server: v|3
[2024-06-21 01:17:59] [Client thread/INFO] [aT] 
[2024-06-21 01:17:59] [Client thread/INFO] [aT] ******************************************************************************************
[2024-06-21 01:17:59] [Client thread/INFO] [aT] 
[2024-06-21 01:17:59] [Client thread/INFO] [aT] WorldEdit CUI Forge Edition 3 version 3.0.5 for Minecraft 1.12.2
[2024-06-21 01:17:59] [Client thread/INFO] [aT] Built with forge 14.23.5.2838
[2024-06-21 01:17:59] [Client thread/INFO] [aT] 
[2024-06-21 01:17:59] [Client thread/INFO] [aT] Environment :
[2024-06-21 01:17:59] [Client thread/INFO] [aT] 		 OS :Windows 10 (amd64) 
[2024-06-21 01:17:59] [Client thread/INFO] [aT] 		 Java: 1.8.0_411
[2024-06-21 01:17:59] [Client thread/INFO] [aT] 		 Language :RU_ru
[2024-06-21 01:17:59] [Client thread/INFO] [aT] 
[2024-06-21 01:17:59] [Client thread/INFO] [aT] ******************************************************************************************
[2024-06-21 01:17:59] [Client thread/INFO] [aT] 
[2024-06-21 01:17:59] [Client thread/INFO] [a] WorldEdit CUI Forge Edition 3 is loading ...
[2024-06-21 01:18:58] [Client thread/INFO] [aT] 
[2024-06-21 01:18:58] [Client thread/INFO] [aT] ******************************************************************************************
[2024-06-21 01:18:58] [Client thread/INFO] [aT] 
[2024-06-21 01:18:58] [Client thread/INFO] [aT] WorldEdit CUI Forge Edition 3 version 3.0.5 for Minecraft 1.12.2
[2024-06-21 01:18:58] [Client thread/INFO] [aT] Built with forge 14.23.5.2838
[2024-06-21 01:18:58] [Client thread/INFO] [aT] 
[2024-06-21 01:18:58] [Client thread/INFO] [aT] Environment :
[2024-06-21 01:18:58] [Client thread/INFO] [aT] 		 OS :Windows 10 (amd64) 
[2024-06-21 01:18:58] [Client thread/INFO] [aT] 		 Java: 1.8.0_411
[2024-06-21 01:18:58] [Client thread/INFO] [aT] 		 Language :RU_ru
[2024-06-21 01:18:58] [Client thread/INFO] [aT] 
[2024-06-21 01:18:58] [Client thread/INFO] [aT] ******************************************************************************************
[2024-06-21 01:18:58] [Client thread/INFO] [aT] 
[2024-06-21 01:18:58] [Client thread/INFO] [a] WorldEdit CUI Forge Edition 3 is loading ...
[2024-06-21 01:41:26] [Client thread/INFO] [aT] 
[2024-06-21 01:41:26] [Client thread/INFO] [aT] ******************************************************************************************
[2024-06-21 01:41:26] [Client thread/INFO] [aT] 
[2024-06-21 01:41:26] [Client thread/INFO] [aT] WorldEdit CUI Forge Edition 3 version 3.0.5 for Minecraft 1.12.2
[2024-06-21 01:41:26] [Client thread/INFO] [aT] Built with forge 14.23.5.2838
[2024-06-21 01:41:26] [Client thread/INFO] [aT] 
[2024-06-21 01:41:26] [Client thread/INFO] [aT] Environment :
[2024-06-21 01:41:26] [Client thread/INFO] [aT] 		 OS :Windows 10 (amd64) 
[2024-06-21 01:41:26] [Client thread/INFO] [aT] 		 Java: 1.8.0_411
[2024-06-21 01:41:26] [Client thread/INFO] [aT] 		 Language :RU_ru
[2024-06-21 01:41:26] [Client thread/INFO] [aT] 
[2024-06-21 01:41:26] [Client thread/INFO] [aT] ******************************************************************************************
[2024-06-21 01:41:26] [Client thread/INFO] [aT] 
[2024-06-21 01:41:26] [Client thread/INFO] [a] WorldEdit CUI Forge Edition 3 is loading ...
[2024-06-21 01:43:10] [Client thread/DEBUG] [aM] Handler registered: com.github.hexomod.worldeditcuife3.aN
[2024-06-21 01:47:44] [Client thread/DEBUG] [fZ] Sending CUI event to server: v|3
[2024-06-21 01:51:20] [Client thread/INFO] [aT] 
[2024-06-21 01:51:20] [Client thread/INFO] [aT] ******************************************************************************************
[2024-06-21 01:51:20] [Client thread/INFO] [aT] 
[2024-06-21 01:51:20] [Client thread/INFO] [aT] WorldEdit CUI Forge Edition 3 version 3.0.5 for Minecraft 1.12.2
[2024-06-21 01:51:20] [Client thread/INFO] [aT] Built with forge 14.23.5.2838
[2024-06-21 01:51:20] [Client thread/INFO] [aT] 
[2024-06-21 01:51:20] [Client thread/INFO] [aT] Environment :
[2024-06-21 01:51:20] [Client thread/INFO] [aT] 		 OS :Windows 10 (amd64) 
[2024-06-21 01:51:20] [Client thread/INFO] [aT] 		 Java: 1.8.0_411
[2024-06-21 01:51:20] [Client thread/INFO] [aT] 		 Language :RU_ru
[2024-06-21 01:51:20] [Client thread/INFO] [aT] 
[2024-06-21 01:51:20] [Client thread/INFO] [aT] ******************************************************************************************
[2024-06-21 01:51:20] [Client thread/INFO] [aT] 
[2024-06-21 01:51:20] [Client thread/INFO] [a] WorldEdit CUI Forge Edition 3 is loading ...
[2024-06-21 01:52:43] [Client thread/DEBUG] [aM] Handler registered: com.github.hexomod.worldeditcuife3.aN
[2024-06-21 01:56:44] [Client thread/DEBUG] [fZ] Sending CUI event to server: v|3
[2024-06-21 02:30:05] [Client thread/DEBUG] [fZ] Sending CUI event to server: v|3
[2024-06-21 03:00:32] [Client thread/INFO] [aT] 
[2024-06-21 03:00:32] [Client thread/INFO] [aT] ******************************************************************************************
[2024-06-21 03:00:32] [Client thread/INFO] [aT] 
[2024-06-21 03:00:32] [Client thread/INFO] [aT] WorldEdit CUI Forge Edition 3 version 3.0.5 for Minecraft 1.12.2
[2024-06-21 03:00:32] [Client thread/INFO] [aT] Built with forge 14.23.5.2838
[2024-06-21 03:00:32] [Client thread/INFO] [aT] 
[2024-06-21 03:00:32] [Client thread/INFO] [aT] Environment :
[2024-06-21 03:00:32] [Client thread/INFO] [aT] 		 OS :Windows 10 (amd64) 
[2024-06-21 03:00:32] [Client thread/INFO] [aT] 		 Java: 1.8.0_411
[2024-06-21 03:00:32] [Client thread/INFO] [aT] 		 Language :RU_ru
[2024-06-21 03:00:32] [Client thread/INFO] [aT] 
[2024-06-21 03:00:32] [Client thread/INFO] [aT] ******************************************************************************************
[2024-06-21 03:00:32] [Client thread/INFO] [aT] 
[2024-06-21 03:00:32] [Client thread/INFO] [a] WorldEdit CUI Forge Edition 3 is loading ...
[2024-06-21 03:02:06] [Client thread/DEBUG] [aM] Handler registered: com.github.hexomod.worldeditcuife3.aN
[2024-06-21 03:03:45] [Client thread/DEBUG] [fZ] Sending CUI event to server: v|3
[2024-06-21 03:29:10] [Client thread/DEBUG] [fZ] Sending CUI event to server: v|3
[2024-06-21 04:56:53] [Client thread/DEBUG] [fZ] Sending CUI event to server: v|3
[2024-06-21 04:57:34] [Client thread/DEBUG] [fZ] Sending CUI event to server: v|3
[2024-06-21 05:51:11] [Client thread/DEBUG] [fZ] Sending CUI event to server: v|3
[2024-06-21 05:52:01] [Client thread/DEBUG] [fZ] Sending CUI event to server: v|3
[2024-06-21 06:28:38] [Client thread/DEBUG] [fZ] Sending CUI event to server: v|3
[2024-06-21 06:28:46] [Client thread/DEBUG] [fZ] Sending CUI event to server: v|3
[2024-06-21 06:29:44] [Client thread/DEBUG] [fZ] Sending CUI event to server: v|3
[2024-06-21 06:29:52] [Client thread/DEBUG] [fZ] Sending CUI event to server: v|3
[2024-06-21 06:30:44] [Client thread/DEBUG] [fZ] Sending CUI event to server: v|3
[2024-06-21 06:30:59] [Client thread/DEBUG] [fZ] Sending CUI event to server: v|3
[2024-06-21 17:06:36] [Client thread/INFO] [aT] 
[2024-06-21 17:06:36] [Client thread/INFO] [aT] ******************************************************************************************
[2024-06-21 17:06:36] [Client thread/INFO] [aT] 
[2024-06-21 17:06:36] [Client thread/INFO] [aT] WorldEdit CUI Forge Edition 3 version 3.0.5 for Minecraft 1.12.2
[2024-06-21 17:06:36] [Client thread/INFO] [aT] Built with forge 14.23.5.2838
[2024-06-21 17:06:36] [Client thread/INFO] [aT] 
[2024-06-21 17:06:36] [Client thread/INFO] [aT] Environment :
[2024-06-21 17:06:36] [Client thread/INFO] [aT] 		 OS :Windows 10 (amd64) 
[2024-06-21 17:06:36] [Client thread/INFO] [aT] 		 Java: 1.8.0_411
[2024-06-21 17:06:36] [Client thread/INFO] [aT] 		 Language :RU_ru
[2024-06-21 17:06:36] [Client thread/INFO] [aT] 
[2024-06-21 17:06:36] [Client thread/INFO] [aT] ******************************************************************************************
[2024-06-21 17:06:36] [Client thread/INFO] [aT] 
[2024-06-21 17:06:36] [Client thread/INFO] [a] WorldEdit CUI Forge Edition 3 is loading ...
[2024-06-21 17:08:23] [Client thread/DEBUG] [aM] Handler registered: com.github.hexomod.worldeditcuife3.aN
[2024-06-21 17:12:49] [Client thread/DEBUG] [fZ] Sending CUI event to server: v|3
[2024-06-21 19:29:55] [Client thread/DEBUG] [fZ] Sending CUI event to server: v|3
[2024-06-21 19:32:54] [Client thread/DEBUG] [fZ] Sending CUI event to server: v|3
[2024-06-21 19:35:33] [Client thread/DEBUG] [fZ] Sending CUI event to server: v|3
[2024-06-21 19:39:15] [Client thread/DEBUG] [fZ] Sending CUI event to server: v|3
[2024-06-21 20:07:29] [Client thread/DEBUG] [fZ] Sending CUI event to server: v|3
[2024-06-21 20:10:59] [Client thread/DEBUG] [fZ] Sending CUI event to server: v|3
[2024-06-21 20:11:03] [Client thread/DEBUG] [fZ] Sending CUI event to server: v|3
[2024-06-21 20:54:58] [Client thread/DEBUG] [fZ] Sending CUI event to server: v|3
[2024-06-21 21:21:28] [Client thread/DEBUG] [fZ] Sending CUI event to server: v|3
[2024-06-21 21:23:19] [Client thread/DEBUG] [fZ] Sending CUI event to server: v|3
[2024-06-21 21:51:46] [Client thread/DEBUG] [fZ] Sending CUI event to server: v|3
[2024-06-21 21:54:22] [Client thread/DEBUG] [fZ] Sending CUI event to server: v|3
[2024-06-21 22:04:56] [Client thread/INFO] [aT] 
[2024-06-21 22:04:56] [Client thread/INFO] [aT] ******************************************************************************************
[2024-06-21 22:04:56] [Client thread/INFO] [aT] 
[2024-06-21 22:04:56] [Client thread/INFO] [aT] WorldEdit CUI Forge Edition 3 version 3.0.5 for Minecraft 1.12.2
[2024-06-21 22:04:56] [Client thread/INFO] [aT] Built with forge 14.23.5.2838
[2024-06-21 22:04:56] [Client thread/INFO] [aT] 
[2024-06-21 22:04:56] [Client thread/INFO] [aT] Environment :
[2024-06-21 22:04:56] [Client thread/INFO] [aT] 		 OS :Windows 10 (amd64) 
[2024-06-21 22:04:56] [Client thread/INFO] [aT] 		 Java: 1.8.0_411
[2024-06-21 22:04:56] [Client thread/INFO] [aT] 		 Language :RU_ru
[2024-06-21 22:04:56] [Client thread/INFO] [aT] 
[2024-06-21 22:04:56] [Client thread/INFO] [aT] ******************************************************************************************
[2024-06-21 22:04:56] [Client thread/INFO] [aT] 
[2024-06-21 22:04:56] [Client thread/INFO] [a] WorldEdit CUI Forge Edition 3 is loading ...
[2024-06-21 22:06:45] [Client thread/DEBUG] [aM] Handler registered: com.github.hexomod.worldeditcuife3.aN
[2024-06-21 22:12:25] [Client thread/DEBUG] [fZ] Sending CUI event to server: v|3
[2024-06-21 22:15:06] [Client thread/DEBUG] [fZ] Sending CUI event to server: v|3
[2024-06-21 22:37:22] [Client thread/DEBUG] [fZ] Sending CUI event to server: v|3
[2024-06-21 22:51:24] [Client thread/DEBUG] [fZ] Sending CUI event to server: v|3
[2024-06-21 22:51:33] [Client thread/DEBUG] [fZ] Sending CUI event to server: v|3
[2024-06-21 22:53:42] [Client thread/DEBUG] [fZ] Sending CUI event to server: v|3
[2024-06-21 22:53:56] [Client thread/DEBUG] [fZ] Sending CUI event to server: v|3
[2024-06-21 23:12:47] [Client thread/DEBUG] [fZ] Sending CUI event to server: v|3
[2024-06-21 23:13:00] [Client thread/DEBUG] [fZ] Sending CUI event to server: v|3
[2024-06-21 23:13:40] [Client thread/DEBUG] [fZ] Sending CUI event to server: v|3
[2024-06-21 23:14:12] [Client thread/DEBUG] [fZ] Sending CUI event to server: v|3
[2024-06-21 23:15:27] [Client thread/DEBUG] [fZ] Sending CUI event to server: v|3
[2024-06-21 23:18:28] [Client thread/DEBUG] [fZ] Sending CUI event to server: v|3
[2024-06-21 23:19:30] [Client thread/DEBUG] [fZ] Sending CUI event to server: v|3
[2024-06-21 23:19:39] [Client thread/DEBUG] [fZ] Sending CUI event to server: v|3
[2024-06-21 23:33:36] [Client thread/INFO] [aT] 
[2024-06-21 23:33:36] [Client thread/INFO] [aT] ******************************************************************************************
[2024-06-21 23:33:36] [Client thread/INFO] [aT] 
[2024-06-21 23:33:36] [Client thread/INFO] [aT] WorldEdit CUI Forge Edition 3 version 3.0.5 for Minecraft 1.12.2
[2024-06-21 23:33:36] [Client thread/INFO] [aT] Built with forge 14.23.5.2838
[2024-06-21 23:33:36] [Client thread/INFO] [aT] 
[2024-06-21 23:33:36] [Client thread/INFO] [aT] Environment :
[2024-06-21 23:33:36] [Client thread/INFO] [aT] 		 OS :Windows 10 (amd64) 
[2024-06-21 23:33:36] [Client thread/INFO] [aT] 		 Java: 1.8.0_411
[2024-06-21 23:33:36] [Client thread/INFO] [aT] 		 Language :RU_ru
[2024-06-21 23:33:36] [Client thread/INFO] [aT] 
[2024-06-21 23:33:36] [Client thread/INFO] [aT] ******************************************************************************************
[2024-06-21 23:33:36] [Client thread/INFO] [aT] 
[2024-06-21 23:33:36] [Client thread/INFO] [a] WorldEdit CUI Forge Edition 3 is loading ...
[2024-06-21 23:35:33] [Client thread/DEBUG] [aM] Handler registered: com.github.hexomod.worldeditcuife3.aN
